0 info it worked if it ends with ok
1 verbose cli [ '/usr/local/bin/node',
1 verbose cli   '/usr/local/bin/npm',
1 verbose cli   'install',
1 verbose cli   '-g',
1 verbose cli   'pushstate-server' ]
2 info using npm@2.14.12
3 info using node@v4.2.4
4 verbose install initial load of /usr/local/lib/package.json
5 verbose readDependencies loading dependencies from /usr/local/lib/package.json
6 silly cache add args [ 'pushstate-server', null ]
7 verbose cache add spec pushstate-server
8 silly cache add parsed spec Result {
8 silly cache add   raw: 'pushstate-server',
8 silly cache add   scope: null,
8 silly cache add   name: 'pushstate-server',
8 silly cache add   rawSpec: '',
8 silly cache add   spec: 'latest',
8 silly cache add   type: 'tag' }
9 silly addNamed pushstate-server@latest
10 verbose addNamed "latest" is being treated as a dist-tag for pushstate-server
11 info addNameTag [ 'pushstate-server', 'latest' ]
12 silly mapToRegistry name pushstate-server
13 silly mapToRegistry using default registry
14 silly mapToRegistry registry https://registry.npmjs.org/
15 silly mapToRegistry uri https://registry.npmjs.org/pushstate-server
16 verbose addNameTag registry:https://registry.npmjs.org/pushstate-server not in flight; fetching
17 verbose request uri https://registry.npmjs.org/pushstate-server
18 verbose request no auth needed
19 info attempt registry request try #1 at 5:31:19 PM
20 verbose request id 50b894b4d6ea026e
21 http request GET https://registry.npmjs.org/pushstate-server
22 http 200 https://registry.npmjs.org/pushstate-server
23 verbose headers { server: 'CouchDB/1.5.0 (Erlang OTP/R16B03)',
23 verbose headers   etag: '"5V1PLZE2JQEM8KYLXU2024WBC"',
23 verbose headers   'content-type': 'application/json',
23 verbose headers   'cache-control': 'max-age=300',
23 verbose headers   'content-length': '19148',
23 verbose headers   'accept-ranges': 'bytes',
23 verbose headers   date: 'Mon, 18 Jan 2016 01:31:19 GMT',
23 verbose headers   via: '1.1 varnish',
23 verbose headers   age: '172',
23 verbose headers   connection: 'keep-alive',
23 verbose headers   'x-served-by': 'cache-lax1423-LAX',
23 verbose headers   'x-cache': 'HIT',
23 verbose headers   'x-cache-hits': '1',
23 verbose headers   'x-timer': 'S1453080679.807508,VS0,VE0',
23 verbose headers   vary: 'Accept' }
24 silly get cb [ 200,
24 silly get   { server: 'CouchDB/1.5.0 (Erlang OTP/R16B03)',
24 silly get     etag: '"5V1PLZE2JQEM8KYLXU2024WBC"',
24 silly get     'content-type': 'application/json',
24 silly get     'cache-control': 'max-age=300',
24 silly get     'content-length': '19148',
24 silly get     'accept-ranges': 'bytes',
24 silly get     date: 'Mon, 18 Jan 2016 01:31:19 GMT',
24 silly get     via: '1.1 varnish',
24 silly get     age: '172',
24 silly get     connection: 'keep-alive',
24 silly get     'x-served-by': 'cache-lax1423-LAX',
24 silly get     'x-cache': 'HIT',
24 silly get     'x-cache-hits': '1',
24 silly get     'x-timer': 'S1453080679.807508,VS0,VE0',
24 silly get     vary: 'Accept' } ]
25 verbose get saving pushstate-server to /Users/willierichardson/.npm/registry.npmjs.org/pushstate-server/.cache.json
26 silly addNameTag next cb for pushstate-server with tag latest
27 silly addNamed pushstate-server@1.8.1
28 verbose addNamed "1.8.1" is a plain semver version for pushstate-server
29 silly mapToRegistry name pushstate-server
30 silly mapToRegistry using default registry
31 silly mapToRegistry registry https://registry.npmjs.org/
32 silly mapToRegistry uri https://registry.npmjs.org/pushstate-server
33 verbose addRemoteTarball https://registry.npmjs.org/pushstate-server/-/pushstate-server-1.8.1.tgz not in flight; adding
34 verbose addRemoteTarball [ 'https://registry.npmjs.org/pushstate-server/-/pushstate-server-1.8.1.tgz',
34 verbose addRemoteTarball   '46554b2015fa15cc90ca8c3546095c6f76dd8a0e' ]
35 info retry fetch attempt 1 at 5:31:19 PM
36 info attempt registry request try #1 at 5:31:19 PM
37 http fetch GET https://registry.npmjs.org/pushstate-server/-/pushstate-server-1.8.1.tgz
38 http fetch 200 https://registry.npmjs.org/pushstate-server/-/pushstate-server-1.8.1.tgz
39 silly fetchAndShaCheck shasum 46554b2015fa15cc90ca8c3546095c6f76dd8a0e
40 verbose addTmpTarball /var/folders/5l/76x4fsx11jx0x5b6gx95vg880000gn/T/npm-13669-cfff5730/registry.npmjs.org/pushstate-server/-/pushstate-server-1.8.1.tgz not in flight; adding
41 verbose addTmpTarball already have metadata; skipping unpack for pushstate-server@1.8.1
42 silly cache afterAdd pushstate-server@1.8.1
43 verbose afterAdd /Users/willierichardson/.npm/pushstate-server/1.8.1/package/package.json not in flight; writing
44 verbose afterAdd /Users/willierichardson/.npm/pushstate-server/1.8.1/package/package.json written
45 silly install resolved [ { name: 'pushstate-server',
45 silly install resolved     version: '1.8.1',
45 silly install resolved     description: 'Static file server that works with HTML5 Pushstate.',
45 silly install resolved     main: 'index.js',
45 silly install resolved     scripts: { test: 'echo \'NO!\'' },
45 silly install resolved     repository:
45 silly install resolved      { type: 'git',
45 silly install resolved        url: 'git+https://github.com/scottcorgan/pushstate-server.git' },
45 silly install resolved     keywords: [ 'pushstate', 'html5', 'static', 'server' ],
45 silly install resolved     author: { name: 'Scott Corgan' },
45 silly install resolved     license: 'MIT',
45 silly install resolved     bugs: { url: 'https://github.com/scottcorgan/pushstate-server/issues' },
45 silly install resolved     dependencies:
45 silly install resolved      { compression: '^1.1.0',
45 silly install resolved        connect: '^3.2.0',
45 silly install resolved        'connect-modrewrite': '~0.7.9',
45 silly install resolved        'serve-static': '^1.6.2' },
45 silly install resolved     devDependencies: { tape: '~1.0.4' },
45 silly install resolved     bin: { 'pushstate-server': './bin/pushstate-server' },
45 silly install resolved     gitHead: '9c1d3e8972f11604de3c22798b724019a60dc784',
45 silly install resolved     homepage: 'https://github.com/scottcorgan/pushstate-server#readme',
45 silly install resolved     _id: 'pushstate-server@1.8.1',
45 silly install resolved     _shasum: '46554b2015fa15cc90ca8c3546095c6f76dd8a0e',
45 silly install resolved     _from: 'pushstate-server@latest',
45 silly install resolved     _npmVersion: '3.3.12',
45 silly install resolved     _nodeVersion: '5.1.0',
45 silly install resolved     _npmUser: { name: 'scottcorgan', email: 'scottcorgan@gmail.com' },
45 silly install resolved     dist:
45 silly install resolved      { shasum: '46554b2015fa15cc90ca8c3546095c6f76dd8a0e',
45 silly install resolved        tarball: 'http://registry.npmjs.org/pushstate-server/-/pushstate-server-1.8.1.tgz' },
45 silly install resolved     maintainers: [ [Object] ],
45 silly install resolved     directories: {},
45 silly install resolved     _resolved: 'https://registry.npmjs.org/pushstate-server/-/pushstate-server-1.8.1.tgz' } ]
46 info install pushstate-server@1.8.1 into /usr/local/lib
47 info installOne pushstate-server@1.8.1
48 verbose installOne of pushstate-server to /usr/local/lib not in flight; installing
49 verbose lock using /Users/willierichardson/.npm/_locks/pushstate-server-e85b91dd17f4f302.lock for /usr/local/lib/node_modules/pushstate-server
50 silly install write writing pushstate-server 1.8.1 to /usr/local/lib/node_modules/pushstate-server
51 verbose unbuild lib/node_modules/pushstate-server
52 silly gentlyRm /usr/local/lib/node_modules/pushstate-server is being purged from base /usr/local
53 verbose gentlyRm don't care about contents; nuking /usr/local/lib/node_modules/pushstate-server
54 verbose tar unpack /Users/willierichardson/.npm/pushstate-server/1.8.1/package.tgz
55 verbose tar unpacking to /usr/local/lib/node_modules/pushstate-server
56 silly gentlyRm /usr/local/lib/node_modules/pushstate-server is being purged
57 verbose gentlyRm don't care about contents; nuking /usr/local/lib/node_modules/pushstate-server
58 silly gunzTarPerm modes [ '755', '644' ]
59 error tar.unpack untar error /Users/willierichardson/.npm/pushstate-server/1.8.1/package.tgz
60 verbose unlock done using /Users/willierichardson/.npm/_locks/pushstate-server-e85b91dd17f4f302.lock for /usr/local/lib/node_modules/pushstate-server
61 verbose fstream_path /usr/local/lib/node_modules/pushstate-server
62 verbose fstream_type Directory
63 verbose fstream_class DirWriter
64 verbose stack Error: EACCES: permission denied, mkdir '/usr/local/lib/node_modules/pushstate-server'
64 verbose stack     at Error (native)
65 verbose fstream_stack /usr/local/lib/node_modules/npm/node_modules/fstream/lib/dir-writer.js:35:25
65 verbose fstream_stack /usr/local/lib/node_modules/npm/node_modules/mkdirp/index.js:47:53
65 verbose fstream_stack FSReqWrap.oncomplete (fs.js:82:15)
66 verbose cwd /Users/willierichardson/Documents/301d2/sea-301-d2/class-11-routing-wrrc
67 error Darwin 15.2.0
68 error argv "/usr/local/bin/node" "/usr/local/bin/npm" "install" "-g" "pushstate-server"
69 error node v4.2.4
70 error npm  v2.14.12
71 error path /usr/local/lib/node_modules/pushstate-server
72 error code EACCES
73 error errno -13
74 error syscall mkdir
75 error Error: EACCES: permission denied, mkdir '/usr/local/lib/node_modules/pushstate-server'
75 error     at Error (native)
75 error  { [Error: EACCES: permission denied, mkdir '/usr/local/lib/node_modules/pushstate-server']
75 error   errno: -13,
75 error   code: 'EACCES',
75 error   syscall: 'mkdir',
75 error   path: '/usr/local/lib/node_modules/pushstate-server',
75 error   fstream_type: 'Directory',
75 error   fstream_path: '/usr/local/lib/node_modules/pushstate-server',
75 error   fstream_class: 'DirWriter',
75 error   fstream_stack:
75 error    [ '/usr/local/lib/node_modules/npm/node_modules/fstream/lib/dir-writer.js:35:25',
75 error      '/usr/local/lib/node_modules/npm/node_modules/mkdirp/index.js:47:53',
75 error      'FSReqWrap.oncomplete (fs.js:82:15)' ] }
76 error Please try running this command again as root/Administrator.
77 verbose exit [ -13, true ]
78 verbose unbuild lib/node_modules/pushstate-server
79 silly gentlyRm /usr/local/lib/node_modules/pushstate-server is being purged from base /usr/local
80 verbose gentlyRm don't care about contents; nuking /usr/local/lib/node_modules/pushstate-server
